<?xml version="1.0" encoding="UTF-8"?>
<!-- Generated by org.testng.reporters.JUnitXMLReporter -->
<testsuite hostname="DESKTOP-IK4EE2E" ignored="0" name="Default test" tests="4" failures="0" timestamp="01 Jul 2019 16:59:29 GMT" time="397.405" errors="0">
  <testcase name="generate" time="0.037" classname="WebVerification.gacdwVerification"/>
  <testcase name="create" time="82.17" classname="WebVerification.gacdwVerification"/>
  <testcase name="upload" time="32.977" classname="WebVerification.gacdwVerification"/>
  <testcase name="execute" time="282.18" classname="WebVerification.gacdwVerification"/>
</testsuite> <!-- Default test -->
