<?xml version="1.0" encoding="UTF-8"?>
<testng-results skipped="0" failed="0" ignored="0" total="4" passed="4">
  <reporter-output>
  </reporter-output>
  <suite name="Default suite" duration-ms="397405" started-at="2019-07-01T16:52:52Z" finished-at="2019-07-01T16:59:29Z">
    <groups>
    </groups>
    <test name="Default test" duration-ms="397405" started-at="2019-07-01T16:52:52Z" finished-at="2019-07-01T16:59:29Z">
      <class name="WebVerification.gacdwVerification">
        <test-method status="PASS" signature="generate()[pri:1, instance:WebVerification.gacdwVerification@42d8062c]" name="generate" duration-ms="37" started-at="2019-07-01T16:52:52Z" finished-at="2019-07-01T16:52:52Z">
          <reporter-output>
          </reporter-output>
        </test-method> <!-- generate -->
        <test-method status="PASS" signature="create()[pri:2, instance:WebVerification.gacdwVerification@42d8062c]" name="create" duration-ms="82170" started-at="2019-07-01T16:52:52Z" finished-at="2019-07-01T16:54:14Z">
          <reporter-output>
          </reporter-output>
        </test-method> <!-- create -->
        <test-method status="PASS" signature="upload()[pri:3, instance:WebVerification.gacdwVerification@42d8062c]" name="upload" duration-ms="32977" started-at="2019-07-01T16:54:14Z" finished-at="2019-07-01T16:54:47Z">
          <reporter-output>
          </reporter-output>
        </test-method> <!-- upload -->
        <test-method status="PASS" signature="execute()[pri:4, instance:WebVerification.gacdwVerification@42d8062c]" name="execute" duration-ms="282180" started-at="2019-07-01T16:54:47Z" finished-at="2019-07-01T16:59:29Z">
          <reporter-output>
          </reporter-output>
        </test-method> <!-- execute -->
      </class> <!-- WebVerification.gacdwVerification -->
    </test> <!-- Default test -->
  </suite> <!-- Default suite -->
</testng-results>
